<?xml version="1.0" encoding="UTF-8"?>
<!-- Generated by org.testng.reporters.JUnitReportReporter -->
<testsuite hostname="LP-5CG04114M8" failures="0" tests="2" name="Tests.Test_Registration" time="9.236" errors="0" timestamp="2022-04-03T14:55:04 IST" skipped="0">
  <testcase classname="Tests.Test_Registration" name="Registration_of_exist_user" time="5.140"/>
  <system-out/>
  <testcase classname="Tests.Test_Registration" name="Registration_of_new_user" time="4.096"/>
  <system-out/>
</testsuite> <!-- Tests.Test_Registration -->
