<?xml version="1.0" encoding="UTF-8"?>
<!-- Generated by org.testng.reporters.JUnitReportReporter -->
<testsuite hostname="LP-5CG04114M8" failures="0" tests="1" name="login_page.Login_credentials" time="25.712" errors="0" timestamp="2022-03-23T18:10:47 IST" skipped="0">
  <testcase classname="login_page.Login_credentials" name="test" time="25.712"/>
  <system-out/>
</testsuite> <!-- login_page.Login_credentials -->
