<?xml version="1.0" encoding="UTF-8"?>
<!-- Generated by org.testng.reporters.JUnitReportReporter -->
<testsuite hostname="LP-5CG04114M8" failures="0" tests="2" name="Tests.Test_Order_And_Payment" time="58.674" errors="0" timestamp="2022-04-05T01:50:23 IST" skipped="0">
  <testcase classname="Tests.Test_Order_And_Payment" name="Order_and_Payment_without_login" time="27.790"/>
  <system-out/>
  <testcase classname="Tests.Test_Order_And_Payment" name="Order_and_Payment_with_login" time="30.884"/>
  <system-out/>
</testsuite> <!-- Tests.Test_Order_And_Payment -->
