<?xml version="1.0" encoding="UTF-8"?>
<!-- Generated by org.testng.reporters.JUnitReportReporter -->
<testsuite hostname="LP-5CG04114M8" failures="0" tests="1" name="login_page.add_to_cart" time="15.389" errors="0" timestamp="2022-03-23T17:58:53 IST" skipped="0">
  <testcase classname="login_page.add_to_cart" name="test" time="15.389"/>
  <system-out/>
</testsuite> <!-- login_page.add_to_cart -->
