<?xml version="1.0" encoding="UTF-8"?>
<!-- Generated by org.testng.reporters.JUnitReportReporter -->
<testsuite hostname="LP-5CG04114M8" failures="0" tests="1" name="login_page.TC_02" time="21.799" errors="0" timestamp="2022-03-21T23:31:24 IST" skipped="0">
  <testcase classname="login_page.TC_02" name="test1" time="21.799"/>
  <system-out/>
</testsuite> <!-- login_page.TC_02 -->
