<?xml version="1.0" encoding="UTF-8"?>
<!-- Generated by org.testng.reporters.JUnitReportReporter -->
<testsuite hostname="LP-5CG04114M8" failures="0" tests="3" name="Tests.Test_Login_Page" time="12.199" errors="0" timestamp="2022-04-03T14:56:47 IST" skipped="0">
  <testcase classname="Tests.Test_Login_Page" name="Login_without_credentials" time="3.333"/>
  <system-out/>
  <testcase classname="Tests.Test_Login_Page" name="Login_with_invalid_credentials" time="3.941"/>
  <system-out/>
  <testcase classname="Tests.Test_Login_Page" name="Login_with_valid_credentials" time="4.925"/>
  <system-out/>
</testsuite> <!-- Tests.Test_Login_Page -->
