<?xml version="1.0" encoding="UTF-8"?>
<!-- Generated by org.testng.reporters.JUnitReportReporter -->
<testsuite hostname="LP-5CG04114M8" failures="0" tests="2" name="Tests.Test_Add_To_Cart_functionality" time="31.523" errors="0" timestamp="2022-04-04T21:55:32 IST" skipped="0">
  <testcase classname="Tests.Test_Add_To_Cart_functionality" name="Add_to_cart" time="21.935"/>
  <system-out/>
  <testcase classname="Tests.Test_Add_To_Cart_functionality" name="Add_to_cart_from_wishlist" time="9.588"/>
  <system-out/>
</testsuite> <!-- Tests.Test_Add_To_Cart_functionality -->
