<?xml version="1.0" encoding="UTF-8"?>
<!-- Generated by org.testng.reporters.JUnitReportReporter -->
<testsuite hostname="LP-5CG04114M8" failures="0" tests="2" name="Tests.Test_Search" time="20.059" errors="0" timestamp="2022-04-04T12:49:07 IST" skipped="0">
  <testcase classname="Tests.Test_Search" name="Displayed_the_right_product" time="17.879"/>
  <system-out/>
  <testcase classname="Tests.Test_Search" name="Sorting" time="2.180"/>
  <system-out/>
</testsuite> <!-- Tests.Test_Search -->
